Release 14.7 - xst P.20131013 (nt64)
Copyright (c) 1995-2013 Xilinx, Inc.  All rights reserved.
--> Parameter TMPDIR set to xst/projnav.tmp


Total REAL time to Xst completion: 0.00 secs
Total CPU time to Xst completion: 0.12 secs
 
--> Parameter xsthdpdir set to xst


Total REAL time to Xst completion: 0.00 secs
Total CPU time to Xst completion: 0.12 secs
 
--> Reading design: complex_mul.prj

TABLE OF CONTENTS
  1) Synthesis Options Summary
  2) HDL Parsing
  3) HDL Elaboration
  4) HDL Synthesis
       4.1) HDL Synthesis Report
  5) Advanced HDL Synthesis
       5.1) Advanced HDL Synthesis Report
  6) Low Level Synthesis
  7) Partition Report
  8) Design Summary
       8.1) Primitive and Black Box Usage
       8.2) Device utilization summary
       8.3) Partition Resource Summary
       8.4) Timing Report
            8.4.1) Clock Information
            8.4.2) Asynchronous Control Signals Information
            8.4.3) Timing Summary
            8.4.4) Timing Details
            8.4.5) Cross Clock Domains Report


=========================================================================
*                      Synthesis Options Summary                        *
=========================================================================
---- Source Parameters
Input File Name                    : "complex_mul.prj"
Ignore Synthesis Constraint File   : NO

---- Target Parameters
Output File Name                   : "complex_mul"
Output Format                      : NGC
Target Device                      : xc6vcx75t-2-ff484

---- Source Options
Top Module Name                    : complex_mul
Automatic FSM Extraction           : YES
FSM Encoding Algorithm             : Auto
Safe Implementation                : No
FSM Style                          : LUT
RAM Extraction                     : Yes
RAM Style                          : Auto
ROM Extraction                     : Yes
Shift Register Extraction          : YES
ROM Style                          : Auto
Resource Sharing                   : YES
Asynchronous To Synchronous        : NO
Shift Register Minimum Size        : 2
Use DSP Block                      : Auto
Automatic Register Balancing       : No

---- Target Options
LUT Combining                      : Auto
Reduce Control Sets                : Auto
Add IO Buffers                     : YES
Global Maximum Fanout              : 100000
Add Generic Clock Buffer(BUFG)     : 32
Register Duplication               : YES
Optimize Instantiated Primitives   : NO
Use Clock Enable                   : Auto
Use Synchronous Set                : Auto
Use Synchronous Reset              : Auto
Pack IO Registers into IOBs        : Auto
Equivalent register Removal        : YES

---- General Options
Optimization Goal                  : Speed
Optimization Effort                : 1
Power Reduction                    : NO
Keep Hierarchy                     : No
Netlist Hierarchy                  : As_Optimized
RTL Output                         : Yes
Global Optimization                : AllClockNets
Read Cores                         : YES
Write Timing Constraints           : NO
Cross Clock Analysis               : NO
Hierarchy Separator                : /
Bus Delimiter                      : <>
Case Specifier                     : Maintain
Slice Utilization Ratio            : 100
BRAM Utilization Ratio             : 100
DSP48 Utilization Ratio            : 100
Auto BRAM Packing                  : NO
Slice Utilization Ratio Delta      : 5

=========================================================================


=========================================================================
*                          HDL Parsing                                  *
=========================================================================
Analyzing Verilog file "C:\Users\Pouya\Desktop\SOC\Complex_ALU_withoutip\complex_mul.v" into library work
Parsing module <complex_mul>.

=========================================================================
*                            HDL Elaboration                            *
=========================================================================

Elaborating module <complex_mul>.

=========================================================================
*                           HDL Synthesis                               *
=========================================================================

Synthesizing Unit <complex_mul>.
    Related source file is "C:\Users\Pouya\Desktop\SOC\Complex_ALU_withoutip\complex_mul.v".
        size = 16
WARNING:Xst:647 - Input <clk> is never used. This port will be preserved and left unconnected if it belongs to a top-level block or it belongs to a sub-block and the hierarchy of this sub-block is preserved.
    Found 17-bit subtractor for signal <GND_1_o_GND_1_o_sub_11_OUT> created at line 46.
    Found 17-bit adder for signal <n0027[16:0]> created at line 47.
    Found 8x8-bit multiplier for signal <a[7]_b[7]_MuLt_8_OUT> created at line 46.
    Found 8x8-bit multiplier for signal <a[15]_b[15]_MuLt_9_OUT> created at line 46.
    Found 8x8-bit multiplier for signal <a[7]_b[15]_MuLt_11_OUT> created at line 47.
    Found 8x8-bit multiplier for signal <a[15]_b[7]_MuLt_12_OUT> created at line 47.
    Summary:
	inferred   4 Multiplier(s).
	inferred   2 Adder/Subtractor(s).
Unit <complex_mul> synthesized.

=========================================================================
HDL Synthesis Report

Macro Statistics
# Multipliers                                          : 4
 8x8-bit multiplier                                    : 4
# Adders/Subtractors                                   : 2
 17-bit adder                                          : 1
 17-bit subtractor                                     : 1

=========================================================================

=========================================================================
*                       Advanced HDL Synthesis                          *
=========================================================================


Synthesizing (advanced) Unit <complex_mul>.
	Multiplier <Mmult_a[7]_b[7]_MuLt_8_OUT> in block <complex_mul> and adder/subtractor <Msub_GND_1_o_GND_1_o_sub_11_OUT> in block <complex_mul> are combined into a MAC<Maddsub_a[7]_b[7]_MuLt_8_OUT>.
	Multiplier <Mmult_a[7]_b[15]_MuLt_11_OUT> in block <complex_mul> and adder/subtractor <Madd_n0027[16:0]> in block <complex_mul> are combined into a MAC<Maddsub_a[7]_b[15]_MuLt_11_OUT>.
Unit <complex_mul> synthesized (advanced).

=========================================================================
Advanced HDL Synthesis Report

Macro Statistics
# MACs                                                 : 2
 8x8-to-17-bit MAC                                     : 2
# Multipliers                                          : 2
 8x8-bit multiplier                                    : 2

=========================================================================

=========================================================================
*                         Low Level Synthesis                           *
=========================================================================

Optimizing unit <complex_mul> ...

Mapping all equations...
Building and optimizing final netlist ...
Found area constraint ratio of 100 (+ 5) on block complex_mul, actual ratio is 0.

Final Macro Processing ...

=========================================================================
Final Register Report

Found no macro
=========================================================================

=========================================================================
*                           Partition Report                            *
=========================================================================

Partition Implementation Status
-------------------------------

  No Partitions were found in this design.

-------------------------------

=========================================================================
*                            Design Summary                             *
=========================================================================

Top Level Output File Name         : complex_mul.ngc

Primitive and Black Box Usage:
------------------------------
# BELS                             : 3
#      GND                         : 1
#      LUT2                        : 1
#      VCC                         : 1
# IO Buffers                       : 83
#      IBUF                        : 34
#      OBUF                        : 49
# DSPs                             : 4
#      DSP48E1                     : 4

Device utilization summary:
---------------------------

Selected Device : 6vcx75tff484-2 


Slice Logic Utilization: 
 Number of Slice LUTs:                    1  out of  46560     0%  
    Number used as Logic:                 1  out of  46560     0%  

Slice Logic Distribution: 
 Number of LUT Flip Flop pairs used:      1
   Number with an unused Flip Flop:       1  out of      1   100%  
   Number with an unused LUT:             0  out of      1     0%  
   Number of fully used LUT-FF pairs:     0  out of      1     0%  
   Number of unique control sets:         0

IO Utilization: 
 Number of IOs:                          84
 Number of bonded IOBs:                  83  out of    240    34%  

Specific Feature Utilization:
 Number of DSP48E1s:                      4  out of    288     1%  

---------------------------
Partition Resource Summary:
---------------------------

  No Partitions were found in this design.

---------------------------


=========================================================================
Timing Report

NOTE: THESE TIMING NUMBERS ARE ONLY A SYNTHESIS ESTIMATE.
      FOR ACCURATE TIMING INFORMATION PLEASE REFER TO THE TRACE REPORT
      GENERATED AFTER PLACE-and-ROUTE.

Clock Information:
------------------
No clock signals found in this design

Asynchronous Control Signals Information:
----------------------------------------
No asynchronous control signals found in this design

Timing Summary:
---------------
Speed Grade: -2

   Minimum period: No path found
   Minimum input arrival time before clock: No path found
   Maximum output required time after clock: No path found
   Maximum combinational path delay: 5.858ns

Timing Details:
---------------
All values displayed in nanoseconds (ns)

=========================================================================
Timing constraint: Default path analysis
  Total number of paths / destination ports: 11154 / 42
-------------------------------------------------------------------------
Delay:               5.858ns (Levels of Logic = 4)
  Source:            b<15> (PAD)
  Destination:       result<23> (PAD)

  Data Path: b<15> to result<23>
                                Gate     Net
    Cell:in->out      fanout   Delay   Delay  Logical Name (Net Name)
    ----------------------------------------  ------------
     IBUF:I->O             2   0.003   0.344  b_15_IBUF (b_15_IBUF)
     DSP48E1:A7->P15       1   3.236   0.339  Mmult_a[15]_b[15]_MuLt_9_OUT (a[15]_b[15]_MuLt_9_OUT<15>)
     DSP48E1:C15->P16      8   1.554   0.378  Maddsub_a[7]_b[7]_MuLt_8_OUT (result_16_OBUF)
     OBUF:I->O                 0.003          result_23_OBUF (result<23>)
    ----------------------------------------
    Total                      5.858ns (4.796ns logic, 1.062ns route)
                                       (81.9% logic, 18.1% route)

=========================================================================

Cross Clock Domains Report:
--------------------------

=========================================================================


Total REAL time to Xst completion: 9.00 secs
Total CPU time to Xst completion: 9.44 secs
 
--> 

Total memory usage is 286864 kilobytes

Number of errors   :    0 (   0 filtered)
Number of warnings :    1 (   0 filtered)
Number of infos    :    0 (   0 filtered)

