Running: C:\Xilinx\14.7\ISE_DS\ISE\bin\nt64\unwrapped\fuse.exe -intstyle ise -incremental -lib unisims_ver -lib unimacro_ver -lib xilinxcorelib_ver -lib secureip -o C:/Users/mahbod/Desktop/Complex_ALU_withoutip/test1_complex_alu_isim_beh.exe -prj C:/Users/mahbod/Desktop/Complex_ALU_withoutip/test1_complex_alu_beh.prj work.test1_complex_alu work.glbl 
ISim P.20131013 (signature 0x7708f090)
Number of CPUs detected in this system: 8
Turning on mult-threading, number of parallel sub-compilation jobs: 16 
Determining compilation order of HDL files
Analyzing Verilog file "C:/Users/mahbod/Desktop/Complex_ALU_withoutip/complex_mul.v" into library work
Analyzing Verilog file "C:/Users/mahbod/Desktop/Complex_ALU_withoutip/Complex_ALU.v" into library work
Analyzing Verilog file "C:/Users/mahbod/Desktop/Complex_ALU_withoutip/test1_complex_alu.v" into library work
Analyzing Verilog file "C:/Xilinx/14.7/ISE_DS/ISE//verilog/src/glbl.v" into library work
Starting static elaboration
Completed static elaboration
Compiling module complex_mul
Compiling module Comlex_ALU_default
Compiling module test1_complex_alu
Compiling module glbl
Time Resolution for simulation is 1ps.
Compiled 4 Verilog Units
Built simulation executable C:/Users/mahbod/Desktop/Complex_ALU_withoutip/test1_complex_alu_isim_beh.exe
Fuse Memory Usage: 29408 KB
Fuse CPU Usage: 530 ms
